<?xml version="1.0" encoding="UTF-8"?>
<!-- Generated by org.testng.reporters.JUnitReportReporter -->
<testsuite hostname="MdFarman" failures="0" tests="5" name="com.Xalts.Assignment.TestCases" time="20.795" errors="0" timestamp="2025-03-21T01:47:30 IST" skipped="0">
  <testcase classname="com.Xalts.Assignment.TestCases" name="Id4" time="6.771"/>
  <system-out/>
  <testcase classname="com.Xalts.Assignment.TestCases" name="Id2" time="2.295"/>
  <system-out/>
  <testcase classname="com.Xalts.Assignment.TestCases" name="Id3" time="2.295"/>
  <system-out/>
  <testcase classname="com.Xalts.Assignment.TestCases" name="Id1" time="4.366"/>
  <system-out/>
  <testcase classname="com.Xalts.Assignment.TestCases" name="Id5" time="5.068"/>
  <system-out/>
</testsuite> <!-- com.Xalts.Assignment.TestCases -->
