<?xml version="1.0" encoding="UTF-8"?>
<!-- Generated by org.testng.reporters.JUnitReportReporter -->
<testsuite hostname="MdFarman" failures="0" tests="5" name="com.Xalts.Assignment.TestCases" time="22.483" errors="0" timestamp="2025-03-21T02:12:14 IST" skipped="0">
  <testcase classname="com.Xalts.Assignment.TestCases" name="Id4" time="7.293"/>
  <system-out/>
  <testcase classname="com.Xalts.Assignment.TestCases" name="Id2" time="2.488"/>
  <system-out/>
  <testcase classname="com.Xalts.Assignment.TestCases" name="Id3" time="2.510"/>
  <system-out/>
  <testcase classname="com.Xalts.Assignment.TestCases" name="Id1" time="4.730"/>
  <system-out/>
  <testcase classname="com.Xalts.Assignment.TestCases" name="Id5" time="5.462"/>
  <system-out/>
</testsuite> <!-- com.Xalts.Assignment.TestCases -->
